<?xml version="1.0" encoding="UTF-8"?>
<!-- Generated by org.testng.reporters.JUnitXMLReporter -->
<testsuite ignored="3" hostname="DESKTOP-VRBAL0D" failures="0" tests="1" name="Default test" time="28.722" errors="0" timestamp="2023-01-28T17:13:42 IST">
  <testcase classname="com.excelr.testcases.LoginPageTest" name="validateLogin" time="3.971"/>
  <testcase classname="com.excelr.testcases.LoginPageTest" name="companyLink" time="0.0">
    <ignored/>
  </testcase> <!-- companyLink -->
  <testcase classname="com.excelr.testcases.LoginPageTest" name="forgotPassword" time="0.0">
    <ignored/>
  </testcase> <!-- forgotPassword -->
  <testcase classname="com.excelr.testcases.LoginPageTest" name="validateTitle" time="0.0">
    <ignored/>
  </testcase> <!-- validateTitle -->
</testsuite> <!-- Default test -->
