<?xml version="1.0" encoding="UTF-8"?>
<!-- Generated by org.testng.reporters.JUnitXMLReporter -->
<testsuite ignored="0" hostname="DESKTOP-VRBAL0D" failures="0" tests="7" name="Test" time="103.235" errors="0" timestamp="2023-01-29T16:25:59 IST">
  <testcase classname="com.excelr.testcases.LoginPageTest" name="companyLink" time="0.002"/>
  <testcase classname="com.excelr.testcases.LoginPageTest" name="forgotPassword" time="0.0"/>
  <testcase classname="com.excelr.testcases.LoginPageTest" name="validateLogin" time="2.535"/>
  <testcase classname="com.excelr.testcases.LoginPageTest" name="validateTitle" time="0.017"/>
  <testcase classname="com.excelr.testcases.DashboardPageTest" name="quickLaunchSection" time="0.001"/>
  <testcase classname="com.excelr.testcases.DashboardPageTest" name="validateMyActionSection" time="3.116"/>
  <testcase classname="com.excelr.testcases.DashboardPageTest" name="validateTimeAtWorkSection" time="0.0"/>
</testsuite> <!-- Test -->
