<?xml version="1.0" encoding="UTF-8"?>
<testng-results ignored="3" total="4" passed="1" failed="0" skipped="0">
  <reporter-output>
  </reporter-output>
  <suite started-at="2023-01-28T17:13:13 IST" name="Default suite" finished-at="2023-01-28T17:13:42 IST" duration-ms="28722">
    <groups>
    </groups>
    <test started-at="2023-01-28T17:13:13 IST" name="Default test" finished-at="2023-01-28T17:13:42 IST" duration-ms="28722">
      <class name="com.excelr.testcases.LoginPageTest">
        <test-method is-config="true" signature="browserConfig()[pri:0, instance:com.excelr.testcases.LoginPageTest@15043a2f]" started-at="2023-01-28T17:13:13 IST" name="browserConfig" finished-at="2023-01-28T17:13:37 IST" duration-ms="23333" status="PASS">
          <reporter-output>
          </reporter-output>
        </test-method> <!-- browserConfig -->
        <test-method signature="validateLogin()[pri:0, instance:com.excelr.testcases.LoginPageTest@15043a2f]" started-at="2023-01-28T17:13:37 IST" name="validateLogin" finished-at="2023-01-28T17:13:41 IST" duration-ms="3971" status="PASS">
          <reporter-output>
          </reporter-output>
        </test-method> <!-- validateLogin -->
        <test-method is-config="true" signature="closeBrowser()[pri:0, instance:com.excelr.testcases.LoginPageTest@15043a2f]" started-at="2023-01-28T17:13:41 IST" name="closeBrowser" finished-at="2023-01-28T17:13:42 IST" duration-ms="1184" status="PASS">
          <reporter-output>
          </reporter-output>
        </test-method> <!-- closeBrowser -->
      </class> <!-- com.excelr.testcases.LoginPageTest -->
    </test> <!-- Default test -->
  </suite> <!-- Default suite -->
</testng-results>
